2026-04-26T12:09:35: Warning: connect.session() MemoryStore is not
2026-04-26T12:09:35: designed for a production environment, as it will leak
2026-04-26T12:09:35: memory, and will not scale past a single process.
2026-04-26T12:09:35: 
2026-04-26T12:09:35: ╔════════════════════════════════════════════════════════════════╗
2026-04-26T12:09:35: ║                                                                ║
2026-04-26T12:09:35: ║           🚀 متجر Absi stor يعمل الآن بنجاح 🚀               ║
2026-04-26T12:09:35: ║                                                                ║
2026-04-26T12:09:35: ╠════════════════════════════════════════════════════════════════╣
2026-04-26T12:09:35: ║                                                                ║
2026-04-26T12:09:35: ║   📱 المتجر: http://localhost:3000/shop.html
2026-04-26T12:09:35: ║   🔐 لوحة التحكم: http://localhost:3000/login.html
2026-04-26T12:09:35: ║   📞 واتساب المدير: +218915727716                              ║
2026-04-26T12:09:35: ║                                                                ║
2026-04-26T12:09:35: ║   🔑 بيانات الدخول للمدير:                                     ║
2026-04-26T12:09:35: ║      اسم المستخدم: admin                                       ║
2026-04-26T12:09:35: ║      كلمة المرور: admin123                                     ║
2026-04-26T12:09:35: ║                                                                ║
2026-04-26T12:09:35: ╚════════════════════════════════════════════════════════════════╝
2026-04-26T12:09:35: 
2026-04-26T12:19:15: Warning: connect.session() MemoryStore is not
2026-04-26T12:19:15: designed for a production environment, as it will leak
2026-04-26T12:19:15: memory, and will not scale past a single process.
2026-04-26T12:19:15: 
2026-04-26T12:19:15: ╔════════════════════════════════════════════════════════════════╗
2026-04-26T12:19:15: ║                                                                ║
2026-04-26T12:19:15: ║           🚀 متجر Absi stor يعمل الآن بنجاح 🚀               ║
2026-04-26T12:19:15: ║                                                                ║
2026-04-26T12:19:15: ╠════════════════════════════════════════════════════════════════╣
2026-04-26T12:19:15: ║                                                                ║
2026-04-26T12:19:15: ║   📱 المتجر: http://localhost:3000/shop.html
2026-04-26T12:19:15: ║   🔐 لوحة التحكم: http://localhost:3000/login.html
2026-04-26T12:19:15: ║   📞 واتساب المدير: +218915727716                              ║
2026-04-26T12:19:15: ║                                                                ║
2026-04-26T12:19:15: ║   🔑 بيانات الدخول للمدير:                                     ║
2026-04-26T12:19:15: ║      اسم المستخدم: admin                                       ║
2026-04-26T12:19:15: ║      كلمة المرور: admin123                                     ║
2026-04-26T12:19:15: ║                                                                ║
2026-04-26T12:19:15: ╚════════════════════════════════════════════════════════════════╝
2026-04-26T12:19:15: 
2026-04-26T12:29:57: Warning: connect.session() MemoryStore is not
2026-04-26T12:29:57: designed for a production environment, as it will leak
2026-04-26T12:29:57: memory, and will not scale past a single process.
2026-04-26T12:29:57: 
2026-04-26T12:29:57: ╔════════════════════════════════════════════════════════════════╗
2026-04-26T12:29:57: ║                                                                ║
2026-04-26T12:29:57: ║           🚀 متجر Absi stor يعمل الآن بنجاح 🚀               ║
2026-04-26T12:29:57: ║                                                                ║
2026-04-26T12:29:57: ╠════════════════════════════════════════════════════════════════╣
2026-04-26T12:29:57: ║                                                                ║
2026-04-26T12:29:57: ║   📱 المتجر: http://localhost:3000/shop.html
2026-04-26T12:29:57: ║   🔐 لوحة التحكم: http://localhost:3000/login.html
2026-04-26T12:29:57: ║   📞 واتساب المدير: +218915727716                              ║
2026-04-26T12:29:57: ║                                                                ║
2026-04-26T12:29:57: ║   🔑 بيانات الدخول للمدير:                                     ║
2026-04-26T12:29:57: ║      اسم المستخدم: admin                                       ║
2026-04-26T12:29:57: ║      كلمة المرور: admin123                                     ║
2026-04-26T12:29:57: ║                                                                ║
2026-04-26T12:29:57: ╚════════════════════════════════════════════════════════════════╝
2026-04-26T12:29:57: 
2026-04-26T12:40:17: Warning: connect.session() MemoryStore is not
2026-04-26T12:40:17: designed for a production environment, as it will leak
2026-04-26T12:40:17: memory, and will not scale past a single process.
2026-04-26T12:40:17: 
2026-04-26T12:40:17: ╔════════════════════════════════════════════════════════════════╗
2026-04-26T12:40:17: ║                                                                ║
2026-04-26T12:40:17: ║           🚀 متجر Absi stor يعمل الآن بنجاح 🚀               ║
2026-04-26T12:40:17: ║                                                                ║
2026-04-26T12:40:17: ╠════════════════════════════════════════════════════════════════╣
2026-04-26T12:40:17: ║                                                                ║
2026-04-26T12:40:17: ║   📱 المتجر: http://localhost:3000/shop.html
2026-04-26T12:40:17: ║   🔐 لوحة التحكم: http://localhost:3000/login.html
2026-04-26T12:40:17: ║   📞 واتساب المدير: +218915727716                              ║
2026-04-26T12:40:17: ║                                                                ║
2026-04-26T12:40:17: ║   🔑 بيانات الدخول للمدير:                                     ║
2026-04-26T12:40:17: ║      اسم المستخدم: admin                                       ║
2026-04-26T12:40:17: ║      كلمة المرور: admin123                                     ║
2026-04-26T12:40:17: ║                                                                ║
2026-04-26T12:40:17: ╚════════════════════════════════════════════════════════════════╝
2026-04-26T12:40:17: 
